<?xml version="1.0" encoding="UTF-8"?>
<testsuite name="passwordCheckerTest" tests="11" skipped="0" failures="0" errors="0" timestamp="2021-05-09T19:45:32" hostname="DESKTOP-616KV2B" time="0.131">
  <properties/>
  <testcase name="password_hasDigit()" classname="passwordCheckerTest" time="0.085"/>
  <testcase name="Strong_password()" classname="passwordCheckerTest" time="0.006"/>
  <testcase name="password_length()" classname="passwordCheckerTest" time="0.002"/>
  <testcase name="invalid_password()" classname="passwordCheckerTest" time="0.001"/>
  <testcase name="weak_password()" classname="passwordCheckerTest" time="0.002"/>
  <testcase name="password_lowerCase()" classname="passwordCheckerTest" time="0.002"/>
  <testcase name="password_hasWhitespaceChar()" classname="passwordCheckerTest" time="0.004"/>
  <testcase name="password_upperCase()" classname="passwordCheckerTest" time="0.002"/>
  <testcase name="medium_password()" classname="passwordCheckerTest" time="0.002"/>
  <testcase name="password_hasSpecialChar()" classname="passwordCheckerTest" time="0.002"/>
  <testcase name="passwordShouldExistTest()" classname="passwordCheckerTest" time="0.007"/>
  <system-out><![CDATA[]]></system-out>
  <system-err><![CDATA[]]></system-err>
</testsuite>
